<?xml version="1.0" encoding="UTF-8"?>
<!-- Generated by org.testng.reporters.JUnitReportReporter -->
<testsuite hostname="Daksh-PC" name="com.croissance.LoginClass" tests="1" failures="0" timestamp="6 May 2014 13:34:51 GMT" time="57.234" errors="0">
  <testcase name="loginMethod" time="57.234" classname="com.croissance.LoginClass"/>
</testsuite> <!-- com.croissance.LoginClass -->
